Notepad++ v7.8.6 Enhancement & bug-fixes:

1.  Add multi-column marker (multi-line edge) feature.
2.  Add dynamical sorting feature for Folder as Workspace.
3.  Make MRU tab activate instead of rightmost tab while tab closure (if MRU enabled).
4.  Fix folding state lost on the next startup issue.
5.  Make Replace-in-Files confirmation dialog modal to prevent from crashing.
6.  Add support of smart-indenting for Perl and Rust.
7.  Make recorded macro (IDC_FINDNEXT & IDC_FINDPREV)retro-compatible up to 7.8.4.

Git là tên gọi của một Hệ thống quản lý phiên bản phân tán (Distributed Version Control System – DVCS) là một trong những hệ thống quản lý phiên bản phân tán phổ biến nhất hiện nay. DVCS nghĩa là hệ thống giúp mỗi máy tính có thể lưu trữ nhiều phiên bản khác nhau của một mã nguồn được nhân bản (clone) từ một kho chứa mã nguồn (repository), mỗi thay đổi vào mã nguồn trên máy tính sẽ có thể ủy thác (commit) rồi đưa lên máy chủ nơi đặt kho chứa chính. Và một máy tính khác (nếu họ có quyền truy cập) cũng có thể clone lại mã nguồn từ kho chứa hoặc clone lại một tập hợp các thay đổi mới nhất trên máy tính kia. Trong Git, thư mục làm việc trên máy tính gọi là Working Tree.
Included plugins:

1.  NppExport v0.2.9
2.  Converter 4.2.1
3.  Mime Tool 2.5


Updater (Installer only):

* WinGup (for Notepad++) v5.1.1

git remote add origin https://github.com/cuongpv21/lg.git



 git remote rename origin cuongpv24
 git push cuongpv24 master

 git push origin master

 git remote add cuong  https://cuongpv-hub:180690aA#@github.com/cuongpv-hub/lg.git



git remote add origin git@github.com:cuongpv-hub/lg.git

git commit -m "Start new project"
git push origin master


git commit -m "Add new file change log to you own why dont conflig with master"
git checkout -b issue2
